<?xml version="1.0" encoding="UTF-8"?>
<!-- Generated by org.testng.reporters.JUnitXMLReporter -->
<testsuite ignored="4" hostname="DESKTOP-7S7LCUO" failures="0" tests="1" name="Default test" time="18.875" errors="0" timestamp="2023-11-22T15:50:32 IST">
  <testcase classname="testCases.NavBarButtons" name="checkhomebutton" time="3.157"/>
  <testcase classname="testCases.NavBarButtons" name="checkBlog" time="0.0">
    <ignored/>
  </testcase> <!-- checkBlog -->
  <testcase classname="testCases.NavBarButtons" name="checkAboutButton" time="0.0">
    <ignored/>
  </testcase> <!-- checkAboutButton -->
  <testcase classname="testCases.NavBarButtons" name="checkContact" time="0.0">
    <ignored/>
  </testcase> <!-- checkContact -->
  <testcase classname="testCases.NavBarButtons" name="checkShippingST" time="0.0">
    <ignored/>
  </testcase> <!-- checkShippingST -->
</testsuite> <!-- Default test -->
