<?xml version="1.0" encoding="UTF-8"?>
<!-- Generated by org.testng.reporters.JUnitXMLReporter -->
<testsuite ignored="0" hostname="DESKTOP-7S7LCUO" failures="0" tests="4" name="Test" time="38.282" errors="0" timestamp="2023-11-22T12:46:45 IST">
  <testcase classname="testCases.SearchTest" name="searchItemsWithKeyword" time="2.334"/>
  <testcase classname="testCases.SearchTest" name="searchItemsWithKeyNumbers" time="2.649"/>
  <testcase classname="testCases.SearchTest" name="searchButtonIsDisabledWhenWeDontEnterAnyValue" time="0.714"/>
  <testcase classname="testCases.SearchTest" name="searchBtnIsWokringFineWhenWeEnterWrongInp" time="7.512"/>
</testsuite> <!-- Test -->
