<?xml version="1.0" encoding="UTF-8"?>
<testng-results ignored="0" total="4" passed="4" failed="0" skipped="0">
  <reporter-output>
  </reporter-output>
  <suite started-at="2023-11-22T12:46:07 IST" name="Suite" finished-at="2023-11-22T12:46:45 IST" duration-ms="38282">
    <groups>
    </groups>
    <test started-at="2023-11-22T12:46:07 IST" name="Test" finished-at="2023-11-22T12:46:45 IST" duration-ms="38282">
      <class name="testCases.SearchTest">
        <test-method is-config="true" signature="setUpBrowser()[pri:0, instance:testCases.SearchTest@3caa4757]" started-at="2023-11-22T12:46:07 IST" name="setUpBrowser" finished-at="2023-11-22T12:46:13 IST" duration-ms="6349" status="PASS">
          <reporter-output>
          </reporter-output>
        </test-method> <!-- setUpBrowser -->
        <test-method signature="searchItemsWithKeyword()[pri:1, instance:testCases.SearchTest@3caa4757]" started-at="2023-11-22T12:46:13 IST" name="searchItemsWithKeyword" finished-at="2023-11-22T12:46:16 IST" duration-ms="2334" status="PASS">
          <reporter-output>
          </reporter-output>
        </test-method> <!-- searchItemsWithKeyword -->
        <test-method is-config="true" signature="setUpBrowser()[pri:0, instance:testCases.SearchTest@3caa4757]" started-at="2023-11-22T12:46:16 IST" name="setUpBrowser" finished-at="2023-11-22T12:46:21 IST" duration-ms="5518" status="PASS">
          <reporter-output>
          </reporter-output>
        </test-method> <!-- setUpBrowser -->
        <test-method signature="searchItemsWithKeyNumbers()[pri:2, instance:testCases.SearchTest@3caa4757]" started-at="2023-11-22T12:46:21 IST" name="searchItemsWithKeyNumbers" finished-at="2023-11-22T12:46:24 IST" duration-ms="2649" status="PASS">
          <reporter-output>
          </reporter-output>
        </test-method> <!-- searchItemsWithKeyNumbers -->
        <test-method is-config="true" signature="setUpBrowser()[pri:0, instance:testCases.SearchTest@3caa4757]" started-at="2023-11-22T12:46:24 IST" name="setUpBrowser" finished-at="2023-11-22T12:46:30 IST" duration-ms="5625" status="PASS">
          <reporter-output>
          </reporter-output>
        </test-method> <!-- setUpBrowser -->
        <test-method signature="searchButtonIsDisabledWhenWeDontEnterAnyValue()[pri:3, instance:testCases.SearchTest@3caa4757]" started-at="2023-11-22T12:46:30 IST" name="searchButtonIsDisabledWhenWeDontEnterAnyValue" finished-at="2023-11-22T12:46:30 IST" duration-ms="714" status="PASS">
          <reporter-output>
          </reporter-output>
        </test-method> <!-- searchButtonIsDisabledWhenWeDontEnterAnyValue -->
        <test-method is-config="true" signature="setUpBrowser()[pri:0, instance:testCases.SearchTest@3caa4757]" started-at="2023-11-22T12:46:30 IST" name="setUpBrowser" finished-at="2023-11-22T12:46:37 IST" duration-ms="6458" status="PASS">
          <reporter-output>
          </reporter-output>
        </test-method> <!-- setUpBrowser -->
        <test-method signature="searchBtnIsWokringFineWhenWeEnterWrongInp()[pri:4, instance:testCases.SearchTest@3caa4757]" started-at="2023-11-22T12:46:37 IST" name="searchBtnIsWokringFineWhenWeEnterWrongInp" finished-at="2023-11-22T12:46:44 IST" duration-ms="7512" status="PASS">
          <reporter-output>
          </reporter-output>
        </test-method> <!-- searchBtnIsWokringFineWhenWeEnterWrongInp -->
        <test-method is-config="true" signature="tearDown()[pri:0, instance:testCases.SearchTest@3caa4757]" started-at="2023-11-22T12:46:44 IST" name="tearDown" finished-at="2023-11-22T12:46:45 IST" duration-ms="659" status="PASS">
          <reporter-output>
          </reporter-output>
        </test-method> <!-- tearDown -->
      </class> <!-- testCases.SearchTest -->
    </test> <!-- Test -->
  </suite> <!-- Suite -->
</testng-results>
